<?xml version="1.0" encoding="UTF-8"?>
<!-- Generated by org.testng.reporters.JUnitXMLReporter -->
<testsuite ignored="0" hostname="Los_Blanco_92" failures="1" tests="10" name="Surefire test" time="104.182" errors="0" timestamp="2026-01-12T21:18:37 IST">
  <testcase classname="io.cucumber.testng.AbstractTestNGCucumberTests" name="runScenario" time="20.662"/>
  <testcase classname="testCases.AccountRegistrationTest" name="verify_account_registration" time="12.256">
    <skipped/>
  </testcase> <!-- verify_account_registration -->
  <testcase classname="testCases.AccountRegistrationTest" name="verify_account_registration" time="0.9"/>
  <testcase classname="testCases.LoginDDTest" name="verifyLogin" time="0.678"/>
  <testcase classname="testCases.LoginDDTest" name="verifyLogin" time="10.267"/>
  <testcase classname="testCases.LoginDDTest" name="verifyLogin" time="10.286"/>
  <testcase classname="testCases.LoginDDTest" name="verifyLogin" time="10.266"/>
  <testcase classname="testCases.LoginDDTest" name="verifyLogin" time="0.743"/>
  <testcase classname="testCases.SubmitOrderTest" name="submitOrder" time="14.898">
    <failure type="java.lang.AssertionError" message="expected [false] but found [true]">
      <![CDATA[java.lang.AssertionError: expected [false] but found [true]
at testCases.SubmitOrderTest.submitOrder(SubmitOrderTest.java:50)
at java.base/java.util.ArrayList.forEach(ArrayList.java:1596)
... Removed 34 stack frames]]>
    </failure>
  </testcase> <!-- submitOrder -->
  <testcase classname="testCases.SubmitOrderTest" name="orderHistoryTest" time="0.001">
    <skipped/>
  </testcase> <!-- orderHistoryTest -->
</testsuite> <!-- Surefire test -->
