<?xml version="1.0" encoding="UTF-8"?>
<!-- Generated by org.testng.reporters.JUnitXMLReporter -->
<testsuite ignored="1" hostname="Los_Blanco_92" failures="0" tests="1" name="Default test" time="6.269" errors="0" timestamp="2025-12-25T07:59:54 IST">
  <testcase classname="testCases.SubmitOrderTest" name="orderHistoryTest" time="1.118"/>
  <testcase classname="testCases.SubmitOrderTest" name="submitOrder" time="0.0">
    <ignored/>
  </testcase> <!-- submitOrder -->
</testsuite> <!-- Default test -->
