<?xml version="1.0" encoding="UTF-8"?>
<!-- Generated by org.testng.reporters.JUnitXMLReporter -->
<testsuite ignored="0" hostname="Los_Blanco_92" failures="0" tests="2" name="Account Registration" time="18.827" errors="0" timestamp="2025-12-29T18:32:35 IST">
  <testcase classname="testCases.AccountRegistrationTest" name="verify_account_registration" time="12.117">
    <skipped/>
  </testcase> <!-- verify_account_registration -->
  <testcase classname="testCases.AccountRegistrationTest" name="verify_account_registration" time="0.879"/>
</testsuite> <!-- Account Registration -->
