<?xml version="1.0" encoding="UTF-8"?>
<!-- Generated by org.testng.reporters.JUnitXMLReporter -->
<testsuite ignored="0" hostname="Los_Blanco_92" failures="1" tests="3" name="ChromeTest" time="37.813" errors="0" timestamp="2025-12-26T19:32:05 IST">
  <testcase classname="testCases.AccountRegistrationTest" name="verify_account_registration" time="7.212"/>
  <testcase classname="testCases.SubmitOrderTest" name="submitOrder" time="4.413"/>
  <testcase classname="testCases.SubmitOrderTest" name="orderHistoryTest" time="1.701">
    <failure type="java.lang.AssertionError" message="expected [true] but found [false]">
      <![CDATA[java.lang.AssertionError: expected [true] but found [false]
at testCases.SubmitOrderTest.orderHistoryTest(SubmitOrderTest.java:66)
at java.base/java.util.ArrayList.forEach(ArrayList.java:1511)
... Removed 31 stack frames]]>
    </failure>
  </testcase> <!-- orderHistoryTest -->
</testsuite> <!-- ChromeTest -->
