<?xml version="1.0" encoding="UTF-8"?>
<!-- Generated by org.testng.reporters.JUnitXMLReporter -->
<testsuite ignored="0" hostname="Los_Blanco_92" failures="1" tests="7" name="Submit Order" time="68.515" errors="0" timestamp="2026-01-12T21:09:32 IST">
  <testcase classname="testCases.SubmitOrderTest" name="submitOrder" time="14.572">
    <failure type="java.lang.AssertionError" message="expected [false] but found [true]">
      <![CDATA[java.lang.AssertionError: expected [false] but found [true]
at testCases.SubmitOrderTest.submitOrder(SubmitOrderTest.java:50)
at java.base/java.util.ArrayList.forEach(ArrayList.java:1596)
at java.base/java.util.concurrent.FutureTask.run(FutureTask.java:317)
at java.base/java.util.concurrent.ThreadPoolExecutor.runWorker(ThreadPoolExecutor.java:1144)
at java.base/java.util.concurrent.ThreadPoolExecutor$Worker.run(ThreadPoolExecutor.java:642)
at java.base/java.lang.Thread.run(Thread.java:1583)
... Removed 19 stack frames]]>
    </failure>
  </testcase> <!-- submitOrder -->
  <testcase classname="testCases.LoginDDTest" name="verifyLogin" time="0.824"/>
  <testcase classname="testCases.LoginDDTest" name="verifyLogin" time="10.382"/>
  <testcase classname="testCases.LoginDDTest" name="verifyLogin" time="10.356"/>
  <testcase classname="testCases.LoginDDTest" name="verifyLogin" time="10.288"/>
  <testcase classname="testCases.LoginDDTest" name="verifyLogin" time="0.658"/>
  <testcase classname="testCases.SubmitOrderTest" name="orderHistoryTest" time="0.0">
    <skipped/>
  </testcase> <!-- orderHistoryTest -->
</testsuite> <!-- Submit Order -->
