<?xml version="1.0" encoding="UTF-8"?>
<!-- Generated by org.testng.reporters.JUnitXMLReporter -->
<testsuite ignored="2" hostname="Los_Blanco_92" failures="1" tests="2" name="Test" time="12.107" errors="0" timestamp="2025-12-26T19:51:42 IST">
  <testcase classname="testCases.AccountRegistrationTest" name="verify_account_registration" time="2.07">
    <skipped/>
  </testcase> <!-- verify_account_registration -->
  <testcase classname="testCases.AccountRegistrationTest" name="verify_account_registration" time="0.969">
    <failure type="java.lang.AssertionError" message="expected [Account Created Successfully!] but found [Account Created Successfully]">
      <![CDATA[java.lang.AssertionError: expected [Account Created Successfully!] but found [Account Created Successfully]
at testCases.AccountRegistrationTest.verify_account_registration(AccountRegistrationTest.java:33)
at java.base/java.util.ArrayList.forEach(ArrayList.java:1511)
... Removed 33 stack frames]]>
    </failure>
  </testcase> <!-- verify_account_registration -->
  <testcase classname="testCases.SubmitOrderTest" name="orderHistoryTest" time="0.0">
    <ignored/>
  </testcase> <!-- orderHistoryTest -->
  <testcase classname="testCases.SubmitOrderTest" name="submitOrder" time="0.0">
    <ignored/>
  </testcase> <!-- submitOrder -->
</testsuite> <!-- Test -->
