<?xml version="1.0" encoding="UTF-8"?>
<!-- Generated by org.testng.reporters.JUnitXMLReporter -->
<testsuite ignored="2" hostname="Los_Blanco_92" failures="0" tests="1" name="Test" time="9.729" errors="0" timestamp="2025-12-29T10:20:02 IST">
  <testcase classname="testCases.AccountRegistrationTest" name="verify_account_registration" time="3.094"/>
  <testcase classname="testCases.SubmitOrderTest" name="submitOrder" time="0.0">
    <ignored/>
  </testcase> <!-- submitOrder -->
  <testcase classname="testCases.SubmitOrderTest" name="orderHistoryTest" time="0.0">
    <ignored/>
  </testcase> <!-- orderHistoryTest -->
</testsuite> <!-- Test -->
