<?xml version="1.0" encoding="UTF-8"?>
<!-- Generated by org.testng.reporters.JUnitXMLReporter -->
<testsuite ignored="0" hostname="Los_Blanco_92" failures="0" tests="3" name="Test" time="17.223" errors="0" timestamp="2025-12-29T18:26:42 IST">
  <testcase classname="testCases.SubmitOrderTest" name="submitOrder" time="3.424"/>
  <testcase classname="testCases.AccountRegistrationTest" name="verify_account_registration" time="2.028"/>
  <testcase classname="testCases.SubmitOrderTest" name="orderHistoryTest" time="0.758"/>
</testsuite> <!-- Test -->
