<?xml version="1.0" encoding="UTF-8"?>
<testng-results ignored="0" total="1" passed="1" failed="0" skipped="0">
  <reporter-output>
  </reporter-output>
  <suite started-at="2025-12-28T09:36:52 IST" name="Suite" finished-at="2025-12-28T09:37:01 IST" duration-ms="9024">
    <groups>
      <group name="Retry">
        <method signature="AccountRegistrationTest.verify_account_registration()[pri:0, instance:testCases.AccountRegistrationTest@4466af20]" name="verify_account_registration" class="testCases.AccountRegistrationTest"/>
      </group> <!-- Retry -->
    </groups>
    <test started-at="2025-12-28T09:36:52 IST" name="Test" finished-at="2025-12-28T09:37:01 IST" duration-ms="9024">
      <class name="testCases.AccountRegistrationTest">
        <test-method is-config="true" signature="setUp(java.lang.String,java.lang.String)[pri:0, instance:testCases.AccountRegistrationTest@4466af20]" started-at="2025-12-28T09:36:52 IST" name="setUp" finished-at="2025-12-28T09:36:57 IST" duration-ms="5319" status="PASS">
          <params>
            <param index="0">
              <value>
                <![CDATA[Windows]]>
              </value>
            </param>
            <param index="1">
              <value>
                <![CDATA[chrome]]>
              </value>
            </param>
          </params>
          <reporter-output>
          </reporter-output>
        </test-method> <!-- setUp -->
        <test-method signature="verify_account_registration()[pri:0, instance:testCases.AccountRegistrationTest@4466af20]" started-at="2025-12-28T09:36:57 IST" name="verify_account_registration" finished-at="2025-12-28T09:37:00 IST" duration-ms="3132" status="PASS">
          <reporter-output>
          </reporter-output>
        </test-method> <!-- verify_account_registration -->
        <test-method is-config="true" signature="tearDown()[pri:0, instance:testCases.AccountRegistrationTest@4466af20]" started-at="2025-12-28T09:37:00 IST" name="tearDown" finished-at="2025-12-28T09:37:01 IST" duration-ms="302" status="PASS">
          <reporter-output>
          </reporter-output>
        </test-method> <!-- tearDown -->
      </class> <!-- testCases.AccountRegistrationTest -->
    </test> <!-- Test -->
  </suite> <!-- Suite -->
</testng-results>
