<?xml version="1.0" encoding="UTF-8"?>
<testng-results ignored="0" total="3" passed="3" failed="0" skipped="0">
  <reporter-output>
  </reporter-output>
  <suite started-at="2025-12-29T18:33:32 IST" name="Suite" finished-at="2025-12-29T18:33:46 IST" duration-ms="13965">
    <groups>
      <group name="Regression">
        <method signature="SubmitOrderTest.submitOrder()[pri:0, instance:testCases.SubmitOrderTest@a514af7]" name="submitOrder" class="testCases.SubmitOrderTest"/>
      </group> <!-- Regression -->
      <group name="Retry">
        <method signature="AccountRegistrationTest.verify_account_registration()[pri:0, instance:testCases.AccountRegistrationTest@765d7657]" name="verify_account_registration" class="testCases.AccountRegistrationTest"/>
      </group> <!-- Retry -->
    </groups>
    <test started-at="2025-12-29T18:33:32 IST" name="Account Registration" finished-at="2025-12-29T18:33:39 IST" duration-ms="6684">
      <class name="testCases.AccountRegistrationTest">
        <test-method is-config="true" signature="setUp(java.lang.String,java.lang.String)[pri:0, instance:testCases.AccountRegistrationTest@765d7657]" started-at="2025-12-29T18:33:32 IST" name="setUp" finished-at="2025-12-29T18:33:36 IST" duration-ms="4057" status="PASS">
          <params>
            <param index="0">
              <value>
                <![CDATA[Windows]]>
              </value>
            </param>
            <param index="1">
              <value>
                <![CDATA[chrome]]>
              </value>
            </param>
          </params>
          <reporter-output>
          </reporter-output>
        </test-method> <!-- setUp -->
        <test-method signature="verify_account_registration()[pri:0, instance:testCases.AccountRegistrationTest@765d7657]" started-at="2025-12-29T18:33:36 IST" name="verify_account_registration" finished-at="2025-12-29T18:33:39 IST" duration-ms="2166" status="PASS">
          <reporter-output>
          </reporter-output>
        </test-method> <!-- verify_account_registration -->
        <test-method is-config="true" signature="tearDown()[pri:0, instance:testCases.AccountRegistrationTest@765d7657]" started-at="2025-12-29T18:33:39 IST" name="tearDown" finished-at="2025-12-29T18:33:39 IST" duration-ms="205" status="PASS">
          <reporter-output>
          </reporter-output>
        </test-method> <!-- tearDown -->
      </class> <!-- testCases.AccountRegistrationTest -->
    </test> <!-- Account Registration -->
    <test started-at="2025-12-29T18:33:32 IST" name="Submit Order" finished-at="2025-12-29T18:33:46 IST" duration-ms="13965">
      <class name="testCases.SubmitOrderTest">
        <test-method is-config="true" signature="setUp(java.lang.String,java.lang.String)[pri:0, instance:testCases.SubmitOrderTest@a514af7]" started-at="2025-12-29T18:33:32 IST" name="setUp" finished-at="2025-12-29T18:33:40 IST" duration-ms="7679" status="PASS">
          <params>
            <param index="0">
              <value>
                <![CDATA[Windows]]>
              </value>
            </param>
            <param index="1">
              <value>
                <![CDATA[chrome]]>
              </value>
            </param>
          </params>
          <reporter-output>
          </reporter-output>
        </test-method> <!-- setUp -->
        <test-method signature="submitOrder()[pri:0, instance:testCases.SubmitOrderTest@a514af7]" started-at="2025-12-29T18:33:40 IST" name="submitOrder" finished-at="2025-12-29T18:33:43 IST" duration-ms="3268" status="PASS">
          <reporter-output>
          </reporter-output>
        </test-method> <!-- submitOrder -->
        <test-method is-config="true" signature="tearDown()[pri:0, instance:testCases.SubmitOrderTest@a514af7]" started-at="2025-12-29T18:33:43 IST" name="tearDown" finished-at="2025-12-29T18:33:43 IST" duration-ms="183" status="PASS">
          <reporter-output>
          </reporter-output>
        </test-method> <!-- tearDown -->
        <test-method is-config="true" signature="setUp(java.lang.String,java.lang.String)[pri:0, instance:testCases.SubmitOrderTest@a514af7]" started-at="2025-12-29T18:33:43 IST" name="setUp" finished-at="2025-12-29T18:33:45 IST" duration-ms="1781" status="PASS">
          <params>
            <param index="0">
              <value>
                <![CDATA[Windows]]>
              </value>
            </param>
            <param index="1">
              <value>
                <![CDATA[chrome]]>
              </value>
            </param>
          </params>
          <reporter-output>
          </reporter-output>
        </test-method> <!-- setUp -->
        <test-method signature="orderHistoryTest()[pri:0, instance:testCases.SubmitOrderTest@a514af7]" started-at="2025-12-29T18:33:45 IST" name="orderHistoryTest" finished-at="2025-12-29T18:33:46 IST" depends-on-methods="testCases.SubmitOrderTest.submitOrder" duration-ms="736" status="PASS">
          <reporter-output>
          </reporter-output>
        </test-method> <!-- orderHistoryTest -->
        <test-method is-config="true" signature="tearDown()[pri:0, instance:testCases.SubmitOrderTest@a514af7]" started-at="2025-12-29T18:33:46 IST" name="tearDown" finished-at="2025-12-29T18:33:46 IST" duration-ms="195" status="PASS">
          <reporter-output>
          </reporter-output>
        </test-method> <!-- tearDown -->
      </class> <!-- testCases.SubmitOrderTest -->
    </test> <!-- Submit Order -->
  </suite> <!-- Suite -->
</testng-results>
