<?xml version="1.0" encoding="UTF-8"?>
<testng-results ignored="0" total="3" passed="3" failed="0" skipped="0">
  <reporter-output>
  </reporter-output>
  <suite started-at="2025-12-29T19:03:01 IST" name="Suite" finished-at="2025-12-29T19:03:13 IST" duration-ms="11885">
    <groups>
      <group name="Regression">
        <method signature="SubmitOrderTest.submitOrder()[pri:0, instance:testCases.SubmitOrderTest@3e58a80e]" name="submitOrder" class="testCases.SubmitOrderTest"/>
      </group> <!-- Regression -->
      <group name="Retry">
        <method signature="AccountRegistrationTest.verify_account_registration()[pri:0, instance:testCases.AccountRegistrationTest@618b19ad]" name="verify_account_registration" class="testCases.AccountRegistrationTest"/>
      </group> <!-- Retry -->
    </groups>
    <test started-at="2025-12-29T19:03:01 IST" name="Account Registration" finished-at="2025-12-29T19:03:09 IST" duration-ms="8108">
      <class name="testCases.AccountRegistrationTest">
        <test-method is-config="true" signature="setUp(java.lang.String,java.lang.String)[pri:0, instance:testCases.AccountRegistrationTest@618b19ad]" started-at="2025-12-29T19:03:01 IST" name="setUp" finished-at="2025-12-29T19:03:06 IST" duration-ms="5411" status="PASS">
          <params>
            <param index="0">
              <value>
                <![CDATA[Windows]]>
              </value>
            </param>
            <param index="1">
              <value>
                <![CDATA[chrome]]>
              </value>
            </param>
          </params>
          <reporter-output>
          </reporter-output>
        </test-method> <!-- setUp -->
        <test-method signature="verify_account_registration()[pri:0, instance:testCases.AccountRegistrationTest@618b19ad]" started-at="2025-12-29T19:03:06 IST" name="verify_account_registration" finished-at="2025-12-29T19:03:09 IST" duration-ms="2248" status="PASS">
          <reporter-output>
          </reporter-output>
        </test-method> <!-- verify_account_registration -->
        <test-method is-config="true" signature="tearDown()[pri:0, instance:testCases.AccountRegistrationTest@618b19ad]" started-at="2025-12-29T19:03:09 IST" name="tearDown" finished-at="2025-12-29T19:03:09 IST" duration-ms="195" status="PASS">
          <reporter-output>
          </reporter-output>
        </test-method> <!-- tearDown -->
      </class> <!-- testCases.AccountRegistrationTest -->
    </test> <!-- Account Registration -->
    <test started-at="2025-12-29T19:03:01 IST" name="Submit Order" finished-at="2025-12-29T19:03:13 IST" duration-ms="11885">
      <class name="testCases.SubmitOrderTest">
        <test-method is-config="true" signature="setUp(java.lang.String,java.lang.String)[pri:0, instance:testCases.SubmitOrderTest@3e58a80e]" started-at="2025-12-29T19:03:01 IST" name="setUp" finished-at="2025-12-29T19:03:06 IST" duration-ms="5532" status="PASS">
          <params>
            <param index="0">
              <value>
                <![CDATA[Windows]]>
              </value>
            </param>
            <param index="1">
              <value>
                <![CDATA[chrome]]>
              </value>
            </param>
          </params>
          <reporter-output>
          </reporter-output>
        </test-method> <!-- setUp -->
        <test-method signature="submitOrder()[pri:0, instance:testCases.SubmitOrderTest@3e58a80e]" started-at="2025-12-29T19:03:06 IST" name="submitOrder" finished-at="2025-12-29T19:03:10 IST" duration-ms="3122" status="PASS">
          <reporter-output>
          </reporter-output>
        </test-method> <!-- submitOrder -->
        <test-method is-config="true" signature="tearDown()[pri:0, instance:testCases.SubmitOrderTest@3e58a80e]" started-at="2025-12-29T19:03:10 IST" name="tearDown" finished-at="2025-12-29T19:03:10 IST" duration-ms="206" status="PASS">
          <reporter-output>
          </reporter-output>
        </test-method> <!-- tearDown -->
        <test-method is-config="true" signature="setUp(java.lang.String,java.lang.String)[pri:0, instance:testCases.SubmitOrderTest@3e58a80e]" started-at="2025-12-29T19:03:10 IST" name="setUp" finished-at="2025-12-29T19:03:12 IST" duration-ms="1892" status="PASS">
          <params>
            <param index="0">
              <value>
                <![CDATA[Windows]]>
              </value>
            </param>
            <param index="1">
              <value>
                <![CDATA[chrome]]>
              </value>
            </param>
          </params>
          <reporter-output>
          </reporter-output>
        </test-method> <!-- setUp -->
        <test-method signature="orderHistoryTest()[pri:0, instance:testCases.SubmitOrderTest@3e58a80e]" started-at="2025-12-29T19:03:12 IST" name="orderHistoryTest" finished-at="2025-12-29T19:03:12 IST" depends-on-methods="testCases.SubmitOrderTest.submitOrder" duration-ms="798" status="PASS">
          <reporter-output>
          </reporter-output>
        </test-method> <!-- orderHistoryTest -->
        <test-method is-config="true" signature="tearDown()[pri:0, instance:testCases.SubmitOrderTest@3e58a80e]" started-at="2025-12-29T19:03:12 IST" name="tearDown" finished-at="2025-12-29T19:03:13 IST" duration-ms="216" status="PASS">
          <reporter-output>
          </reporter-output>
        </test-method> <!-- tearDown -->
      </class> <!-- testCases.SubmitOrderTest -->
    </test> <!-- Submit Order -->
  </suite> <!-- Suite -->
</testng-results>
