<?xml version="1.0" encoding="UTF-8"?>
<testng-results ignored="0" total="2" passed="2" failed="0" skipped="0">
  <reporter-output>
  </reporter-output>
  <suite started-at="2025-12-29T10:37:23 IST" name="Suite" finished-at="2025-12-29T10:37:37 IST" duration-ms="14457">
    <groups>
      <group name="Regression">
        <method signature="SubmitOrderTest.submitOrder()[pri:0, instance:testCases.SubmitOrderTest@a514af7]" name="submitOrder" class="testCases.SubmitOrderTest"/>
      </group> <!-- Regression -->
    </groups>
    <test started-at="2025-12-29T10:37:23 IST" name="Test" finished-at="2025-12-29T10:37:37 IST" duration-ms="14457">
      <class name="testCases.SubmitOrderTest">
        <test-method is-config="true" signature="setUp(java.lang.String,java.lang.String)[pri:0, instance:testCases.SubmitOrderTest@a514af7]" started-at="2025-12-29T10:37:23 IST" name="setUp" finished-at="2025-12-29T10:37:28 IST" duration-ms="5015" status="PASS">
          <params>
            <param index="0">
              <value>
                <![CDATA[Windows]]>
              </value>
            </param>
            <param index="1">
              <value>
                <![CDATA[chrome]]>
              </value>
            </param>
          </params>
          <reporter-output>
          </reporter-output>
        </test-method> <!-- setUp -->
        <test-method signature="submitOrder()[pri:0, instance:testCases.SubmitOrderTest@a514af7]" started-at="2025-12-29T10:37:28 IST" name="submitOrder" finished-at="2025-12-29T10:37:32 IST" duration-ms="3753" status="PASS">
          <reporter-output>
          </reporter-output>
        </test-method> <!-- submitOrder -->
        <test-method is-config="true" signature="tearDown()[pri:0, instance:testCases.SubmitOrderTest@a514af7]" started-at="2025-12-29T10:37:32 IST" name="tearDown" finished-at="2025-12-29T10:37:32 IST" duration-ms="361" status="PASS">
          <reporter-output>
          </reporter-output>
        </test-method> <!-- tearDown -->
        <test-method is-config="true" signature="setUp(java.lang.String,java.lang.String)[pri:0, instance:testCases.SubmitOrderTest@a514af7]" started-at="2025-12-29T10:37:32 IST" name="setUp" finished-at="2025-12-29T10:37:36 IST" duration-ms="3742" status="PASS">
          <params>
            <param index="0">
              <value>
                <![CDATA[Windows]]>
              </value>
            </param>
            <param index="1">
              <value>
                <![CDATA[chrome]]>
              </value>
            </param>
          </params>
          <reporter-output>
          </reporter-output>
        </test-method> <!-- setUp -->
        <test-method signature="orderHistoryTest()[pri:0, instance:testCases.SubmitOrderTest@a514af7]" started-at="2025-12-29T10:37:36 IST" name="orderHistoryTest" finished-at="2025-12-29T10:37:37 IST" depends-on-methods="testCases.SubmitOrderTest.submitOrder" duration-ms="944" status="PASS">
          <reporter-output>
          </reporter-output>
        </test-method> <!-- orderHistoryTest -->
        <test-method is-config="true" signature="tearDown()[pri:0, instance:testCases.SubmitOrderTest@a514af7]" started-at="2025-12-29T10:37:37 IST" name="tearDown" finished-at="2025-12-29T10:37:37 IST" duration-ms="266" status="PASS">
          <reporter-output>
          </reporter-output>
        </test-method> <!-- tearDown -->
      </class> <!-- testCases.SubmitOrderTest -->
    </test> <!-- Test -->
  </suite> <!-- Suite -->
</testng-results>
