<?xml version="1.0" encoding="UTF-8"?>
<testng-results ignored="0" total="2" passed="2" failed="0" skipped="0">
  <reporter-output>
  </reporter-output>
  <suite started-at="2026-01-12T18:30:34 IST" name="Suite" finished-at="2026-01-12T18:30:57 IST" duration-ms="22756">
    <groups>
      <group name="Regression">
        <method signature="SubmitOrderTest.submitOrder()[pri:0, instance:testCases.SubmitOrderTest@5dda768f]" name="submitOrder" class="testCases.SubmitOrderTest"/>
      </group> <!-- Regression -->
    </groups>
    <test started-at="2026-01-12T18:30:34 IST" name="Submit Order" finished-at="2026-01-12T18:30:56 IST" duration-ms="22347">
      <class name="testCases.SubmitOrderTest">
        <test-method is-config="true" signature="launchApplication()[pri:0, instance:testCases.SubmitOrderTest@5dda768f]" started-at="2026-01-12T18:30:34 IST" name="launchApplication" finished-at="2026-01-12T18:30:38 IST" duration-ms="3729" status="PASS">
          <reporter-output>
          </reporter-output>
        </test-method> <!-- launchApplication -->
        <test-method signature="submitOrder()[pri:0, instance:testCases.SubmitOrderTest@5dda768f]" started-at="2026-01-12T18:30:38 IST" name="submitOrder" finished-at="2026-01-12T18:30:52 IST" duration-ms="14577" status="PASS">
          <reporter-output>
          </reporter-output>
        </test-method> <!-- submitOrder -->
        <test-method is-config="true" signature="launchApplication()[pri:0, instance:testCases.SubmitOrderTest@5dda768f]" started-at="2026-01-12T18:30:52 IST" name="launchApplication" finished-at="2026-01-12T18:30:55 IST" duration-ms="2921" status="PASS">
          <reporter-output>
          </reporter-output>
        </test-method> <!-- launchApplication -->
        <test-method signature="orderHistoryTest()[pri:0, instance:testCases.SubmitOrderTest@5dda768f]" started-at="2026-01-12T18:30:55 IST" name="orderHistoryTest" finished-at="2026-01-12T18:30:56 IST" depends-on-methods="testCases.SubmitOrderTest.submitOrder" duration-ms="793" status="PASS">
          <reporter-output>
          </reporter-output>
        </test-method> <!-- orderHistoryTest -->
      </class> <!-- testCases.SubmitOrderTest -->
    </test> <!-- Submit Order -->
    <test started-at="2026-01-12T18:30:57 IST" name="Account Registration" finished-at="2026-01-12T18:30:57 IST" duration-ms="3">
    </test> <!-- Account Registration -->
  </suite> <!-- Suite -->
</testng-results>
