<?xml version="1.0" encoding="UTF-8"?>
<testng-results retried="1" ignored="0" total="9" passed="5" failed="2" skipped="1">
  <reporter-output>
  </reporter-output>
  <suite started-at="2026-01-12T21:08:24 IST" name="Suite" finished-at="2026-01-12T21:09:32 IST" duration-ms="68515">
    <groups>
      <group name="Regression">
        <method signature="SubmitOrderTest.submitOrder()[pri:0, instance:testCases.SubmitOrderTest@2925bf5b]" name="submitOrder" class="testCases.SubmitOrderTest"/>
      </group> <!-- Regression -->
      <group name="Retry">
        <method signature="AccountRegistrationTest.verify_account_registration()[pri:0, instance:testCases.AccountRegistrationTest@2f54a33d]" name="verify_account_registration" class="testCases.AccountRegistrationTest"/>
      </group> <!-- Retry -->
    </groups>
    <test started-at="2026-01-12T21:08:24 IST" name="Account Registration" finished-at="2026-01-12T21:08:59 IST" duration-ms="35634">
      <class name="testCases.AccountRegistrationTest">
        <test-method is-config="true" signature="setup(java.lang.String,java.lang.String)[pri:0, instance:testCases.AccountRegistrationTest@2f54a33d]" started-at="2026-01-12T21:08:24 IST" name="setup" finished-at="2026-01-12T21:08:32 IST" duration-ms="7583" status="PASS">
          <params>
            <param index="0">
              <value>
                <![CDATA[edge]]>
              </value>
            </param>
            <param index="1">
              <value>
                <![CDATA[Windows]]>
              </value>
            </param>
          </params>
          <reporter-output>
          </reporter-output>
        </test-method> <!-- setup -->
        <test-method retried="true" signature="verify_account_registration()[pri:0, instance:testCases.AccountRegistrationTest@2f54a33d]" started-at="2026-01-12T21:08:32 IST" name="verify_account_registration" finished-at="2026-01-12T21:08:44 IST" duration-ms="11962" status="SKIP">
          <exception class="java.lang.AssertionError">
            <message>
              <![CDATA[expected [Account Created Successfully] but found [no such element: Unable to locate element: {"method":"xpath","selector":"//h1[text()='Account Created Successfully']"}
  (Session info: MicrosoftEdge=143.0.3650.139)
For documentation on this error, please visit: https://www.selenium.dev/documentation/webdriver/troubleshooting/errors#no-such-element-exception
Build info: version: '4.28.1', revision: '73f5ad48a2'
System info: os.name: 'Windows 11', os.arch: 'amd64', os.version: '10.0', java.version: '21.0.2'
Driver info: org.openqa.selenium.edge.EdgeDriver
Command: [7db38e73d67abd5abe38ca22cdfc03b1, findElement {using=xpath, value=//h1[text()='Account Created Successfully']}]
Capabilities {acceptInsecureCerts: false, browserName: MicrosoftEdge, browserVersion: 143.0.3650.139, fedcm:accounts: true, goog:processID: 29928, ms:edgeOptions: {debuggerAddress: localhost:56806}, msedge: {msedgedriverVersion: 143.0.3650.80 (788579717f68..., userDataDir: C:\Users\jusch\AppData\Loca...}, networkConnectionEnabled: false, pageLoadStrategy: normal, platformName: windows, proxy: Proxy(), se:cdp: ws://localhost:56806/devtoo..., se:cdpVersion: 143.0.3650.139, setWindowRect: true, strictFileInteractability: false, timeouts: {implicit: 0, pageLoad: 300000, script: 30000}, unhandledPromptBehavior: dismiss and notify, webauthn:extension:credBlob: true, webauthn:extension:largeBlob: true, webauthn:extension:minPinLength: true, webauthn:extension:prf: true, webauthn:virtualAuthenticators: true}
Session ID: 7db38e73d67abd5abe38ca22cdfc03b1]]]>
            </message>
            <full-stacktrace>
              <![CDATA[java.lang.AssertionError: expected [Account Created Successfully] but found [no such element: Unable to locate element: {"method":"xpath","selector":"//h1[text()='Account Created Successfully']"}
  (Session info: MicrosoftEdge=143.0.3650.139)
For documentation on this error, please visit: https://www.selenium.dev/documentation/webdriver/troubleshooting/errors#no-such-element-exception
Build info: version: '4.28.1', revision: '73f5ad48a2'
System info: os.name: 'Windows 11', os.arch: 'amd64', os.version: '10.0', java.version: '21.0.2'
Driver info: org.openqa.selenium.edge.EdgeDriver
Command: [7db38e73d67abd5abe38ca22cdfc03b1, findElement {using=xpath, value=//h1[text()='Account Created Successfully']}]
Capabilities {acceptInsecureCerts: false, browserName: MicrosoftEdge, browserVersion: 143.0.3650.139, fedcm:accounts: true, goog:processID: 29928, ms:edgeOptions: {debuggerAddress: localhost:56806}, msedge: {msedgedriverVersion: 143.0.3650.80 (788579717f68..., userDataDir: C:\Users\jusch\AppData\Loca...}, networkConnectionEnabled: false, pageLoadStrategy: normal, platformName: windows, proxy: Proxy(), se:cdp: ws://localhost:56806/devtoo..., se:cdpVersion: 143.0.3650.139, setWindowRect: true, strictFileInteractability: false, timeouts: {implicit: 0, pageLoad: 300000, script: 30000}, unhandledPromptBehavior: dismiss and notify, webauthn:extension:credBlob: true, webauthn:extension:largeBlob: true, webauthn:extension:minPinLength: true, webauthn:extension:prf: true, webauthn:virtualAuthenticators: true}
Session ID: 7db38e73d67abd5abe38ca22cdfc03b1]
at org.testng.Assert.fail(Assert.java:111)
at org.testng.Assert.failNotEquals(Assert.java:1590)
at org.testng.Assert.assertEqualsImpl(Assert.java:150)
at org.testng.Assert.assertEquals(Assert.java:132)
at org.testng.Assert.assertEquals(Assert.java:656)
at org.testng.Assert.assertEquals(Assert.java:666)
at testCases.AccountRegistrationTest.verify_account_registration(AccountRegistrationTest.java:34)
at java.base/jdk.internal.reflect.DirectMethodHandleAccessor.invoke(DirectMethodHandleAccessor.java:103)
at java.base/java.lang.reflect.Method.invoke(Method.java:580)
at org.testng.internal.invokers.MethodInvocationHelper.invokeMethod(MethodInvocationHelper.java:141)
at org.testng.internal.invokers.TestInvoker.invokeMethod(TestInvoker.java:687)
at org.testng.internal.invokers.TestInvoker.invokeTestMethod(TestInvoker.java:230)
at org.testng.internal.invokers.MethodRunner.runInSequence(MethodRunner.java:63)
at org.testng.internal.invokers.TestInvoker$MethodInvocationAgent.invoke(TestInvoker.java:995)
at org.testng.internal.invokers.TestInvoker.invokeTestMethods(TestInvoker.java:203)
at org.testng.internal.invokers.TestMethodWorker.invokeTestMethods(TestMethodWorker.java:154)
at org.testng.internal.invokers.TestMethodWorker.run(TestMethodWorker.java:134)
at java.base/java.util.ArrayList.forEach(ArrayList.java:1596)
at org.testng.TestRunner.privateRun(TestRunner.java:741)
at org.testng.TestRunner.run(TestRunner.java:616)
at org.testng.SuiteRunner.runTest(SuiteRunner.java:421)
at org.testng.SuiteRunner$SuiteWorker.run(SuiteRunner.java:463)
at org.testng.internal.thread.ThreadUtil.lambda$execute$0(ThreadUtil.java:64)
at java.base/java.util.concurrent.FutureTask.run(FutureTask.java:317)
at java.base/java.util.concurrent.ThreadPoolExecutor.runWorker(ThreadPoolExecutor.java:1144)
at java.base/java.util.concurrent.ThreadPoolExecutor$Worker.run(ThreadPoolExecutor.java:642)
at java.base/java.lang.Thread.run(Thread.java:1583)
]]>
            </full-stacktrace>
          </exception> <!-- java.lang.AssertionError -->
          <reporter-output>
          </reporter-output>
        </test-method> <!-- verify_account_registration -->
        <test-method is-config="true" signature="tearDown()[pri:0, instance:testCases.AccountRegistrationTest@2f54a33d]" started-at="2026-01-12T21:08:44 IST" name="tearDown" finished-at="2026-01-12T21:08:44 IST" duration-ms="235" status="PASS">
          <reporter-output>
          </reporter-output>
        </test-method> <!-- tearDown -->
        <test-method is-config="true" signature="setup(java.lang.String,java.lang.String)[pri:0, instance:testCases.AccountRegistrationTest@2f54a33d]" started-at="2026-01-12T21:08:44 IST" name="setup" finished-at="2026-01-12T21:08:48 IST" duration-ms="3958" status="PASS">
          <params>
            <param index="0">
              <value>
                <![CDATA[edge]]>
              </value>
            </param>
            <param index="1">
              <value>
                <![CDATA[Windows]]>
              </value>
            </param>
          </params>
          <reporter-output>
          </reporter-output>
        </test-method> <!-- setup -->
        <test-method signature="verify_account_registration()[pri:0, instance:testCases.AccountRegistrationTest@2f54a33d]" started-at="2026-01-12T21:08:48 IST" name="verify_account_registration" finished-at="2026-01-12T21:08:59 IST" duration-ms="11006" status="FAIL">
          <exception class="java.lang.AssertionError">
            <message>
              <![CDATA[expected [Account Created Successfully] but found [no such element: Unable to locate element: {"method":"xpath","selector":"//h1[text()='Account Created Successfully']"}
  (Session info: MicrosoftEdge=143.0.3650.139)
For documentation on this error, please visit: https://www.selenium.dev/documentation/webdriver/troubleshooting/errors#no-such-element-exception
Build info: version: '4.28.1', revision: '73f5ad48a2'
System info: os.name: 'Windows 11', os.arch: 'amd64', os.version: '10.0', java.version: '21.0.2'
Driver info: org.openqa.selenium.edge.EdgeDriver
Command: [5077454a7ae03a04bea1ae876454f194, findElement {using=xpath, value=//h1[text()='Account Created Successfully']}]
Capabilities {acceptInsecureCerts: false, browserName: MicrosoftEdge, browserVersion: 143.0.3650.139, fedcm:accounts: true, goog:processID: 21328, ms:edgeOptions: {debuggerAddress: localhost:57973}, msedge: {msedgedriverVersion: 143.0.3650.80 (788579717f68..., userDataDir: C:\Users\jusch\AppData\Loca...}, networkConnectionEnabled: false, pageLoadStrategy: normal, platformName: windows, proxy: Proxy(), se:cdp: ws://localhost:57973/devtoo..., se:cdpVersion: 143.0.3650.139, setWindowRect: true, strictFileInteractability: false, timeouts: {implicit: 0, pageLoad: 300000, script: 30000}, unhandledPromptBehavior: dismiss and notify, webauthn:extension:credBlob: true, webauthn:extension:largeBlob: true, webauthn:extension:minPinLength: true, webauthn:extension:prf: true, webauthn:virtualAuthenticators: true}
Session ID: 5077454a7ae03a04bea1ae876454f194]]]>
            </message>
            <full-stacktrace>
              <![CDATA[java.lang.AssertionError: expected [Account Created Successfully] but found [no such element: Unable to locate element: {"method":"xpath","selector":"//h1[text()='Account Created Successfully']"}
  (Session info: MicrosoftEdge=143.0.3650.139)
For documentation on this error, please visit: https://www.selenium.dev/documentation/webdriver/troubleshooting/errors#no-such-element-exception
Build info: version: '4.28.1', revision: '73f5ad48a2'
System info: os.name: 'Windows 11', os.arch: 'amd64', os.version: '10.0', java.version: '21.0.2'
Driver info: org.openqa.selenium.edge.EdgeDriver
Command: [5077454a7ae03a04bea1ae876454f194, findElement {using=xpath, value=//h1[text()='Account Created Successfully']}]
Capabilities {acceptInsecureCerts: false, browserName: MicrosoftEdge, browserVersion: 143.0.3650.139, fedcm:accounts: true, goog:processID: 21328, ms:edgeOptions: {debuggerAddress: localhost:57973}, msedge: {msedgedriverVersion: 143.0.3650.80 (788579717f68..., userDataDir: C:\Users\jusch\AppData\Loca...}, networkConnectionEnabled: false, pageLoadStrategy: normal, platformName: windows, proxy: Proxy(), se:cdp: ws://localhost:57973/devtoo..., se:cdpVersion: 143.0.3650.139, setWindowRect: true, strictFileInteractability: false, timeouts: {implicit: 0, pageLoad: 300000, script: 30000}, unhandledPromptBehavior: dismiss and notify, webauthn:extension:credBlob: true, webauthn:extension:largeBlob: true, webauthn:extension:minPinLength: true, webauthn:extension:prf: true, webauthn:virtualAuthenticators: true}
Session ID: 5077454a7ae03a04bea1ae876454f194]
at org.testng.Assert.fail(Assert.java:111)
at org.testng.Assert.failNotEquals(Assert.java:1590)
at org.testng.Assert.assertEqualsImpl(Assert.java:150)
at org.testng.Assert.assertEquals(Assert.java:132)
at org.testng.Assert.assertEquals(Assert.java:656)
at org.testng.Assert.assertEquals(Assert.java:666)
at testCases.AccountRegistrationTest.verify_account_registration(AccountRegistrationTest.java:34)
at java.base/jdk.internal.reflect.DirectMethodHandleAccessor.invoke(DirectMethodHandleAccessor.java:103)
at java.base/java.lang.reflect.Method.invoke(Method.java:580)
at org.testng.internal.invokers.MethodInvocationHelper.invokeMethod(MethodInvocationHelper.java:141)
at org.testng.internal.invokers.TestInvoker.invokeMethod(TestInvoker.java:687)
at org.testng.internal.invokers.TestInvoker.retryFailed(TestInvoker.java:269)
at org.testng.internal.invokers.MethodRunner.runInSequence(MethodRunner.java:76)
at org.testng.internal.invokers.TestInvoker$MethodInvocationAgent.invoke(TestInvoker.java:995)
at org.testng.internal.invokers.TestInvoker.invokeTestMethods(TestInvoker.java:203)
at org.testng.internal.invokers.TestMethodWorker.invokeTestMethods(TestMethodWorker.java:154)
at org.testng.internal.invokers.TestMethodWorker.run(TestMethodWorker.java:134)
at java.base/java.util.ArrayList.forEach(ArrayList.java:1596)
at org.testng.TestRunner.privateRun(TestRunner.java:741)
at org.testng.TestRunner.run(TestRunner.java:616)
at org.testng.SuiteRunner.runTest(SuiteRunner.java:421)
at org.testng.SuiteRunner$SuiteWorker.run(SuiteRunner.java:463)
at org.testng.internal.thread.ThreadUtil.lambda$execute$0(ThreadUtil.java:64)
at java.base/java.util.concurrent.FutureTask.run(FutureTask.java:317)
at java.base/java.util.concurrent.ThreadPoolExecutor.runWorker(ThreadPoolExecutor.java:1144)
at java.base/java.util.concurrent.ThreadPoolExecutor$Worker.run(ThreadPoolExecutor.java:642)
at java.base/java.lang.Thread.run(Thread.java:1583)
]]>
            </full-stacktrace>
          </exception> <!-- java.lang.AssertionError -->
          <reporter-output>
          </reporter-output>
        </test-method> <!-- verify_account_registration -->
        <test-method is-config="true" signature="tearDown()[pri:0, instance:testCases.AccountRegistrationTest@2f54a33d]" started-at="2026-01-12T21:08:59 IST" name="tearDown" finished-at="2026-01-12T21:08:59 IST" duration-ms="235" status="PASS">
          <reporter-output>
          </reporter-output>
        </test-method> <!-- tearDown -->
      </class> <!-- testCases.AccountRegistrationTest -->
    </test> <!-- Account Registration -->
    <test started-at="2026-01-12T21:08:24 IST" name="Submit Order" finished-at="2026-01-12T21:09:32 IST" duration-ms="68515">
      <class name="testCases.LoginDDTest">
        <test-method is-config="true" signature="setup(java.lang.String,java.lang.String)[pri:0, instance:testCases.LoginDDTest@17f7cd29]" started-at="2026-01-12T21:08:43 IST" name="setup" finished-at="2026-01-12T21:08:46 IST" duration-ms="3364" status="PASS">
          <params>
            <param index="0">
              <value>
                <![CDATA[chrome]]>
              </value>
            </param>
            <param index="1">
              <value>
                <![CDATA[Windows]]>
              </value>
            </param>
          </params>
          <reporter-output>
          </reporter-output>
        </test-method> <!-- setup -->
        <test-method signature="verifyLogin(java.lang.String,java.lang.String,java.lang.String)[pri:0, instance:testCases.LoginDDTest@17f7cd29]" started-at="2026-01-12T21:08:46 IST" name="verifyLogin" data-provider="LoginData" finished-at="2026-01-12T21:08:47 IST" duration-ms="824" status="PASS">
          <params>
            <param index="0">
              <value>
                <![CDATA[neer@yahoo.com]]>
              </value>
            </param>
            <param index="1">
              <value>
                <![CDATA[Test@123]]>
              </value>
            </param>
            <param index="2">
              <value>
                <![CDATA[Valid]]>
              </value>
            </param>
          </params>
          <reporter-output>
          </reporter-output>
        </test-method> <!-- verifyLogin -->
        <test-method is-config="true" signature="tearDown()[pri:0, instance:testCases.LoginDDTest@17f7cd29]" started-at="2026-01-12T21:08:47 IST" name="tearDown" finished-at="2026-01-12T21:08:47 IST" duration-ms="232" status="PASS">
          <reporter-output>
          </reporter-output>
        </test-method> <!-- tearDown -->
        <test-method is-config="true" signature="setup(java.lang.String,java.lang.String)[pri:0, instance:testCases.LoginDDTest@17f7cd29]" started-at="2026-01-12T21:08:47 IST" name="setup" finished-at="2026-01-12T21:08:51 IST" duration-ms="3343" status="PASS">
          <params>
            <param index="0">
              <value>
                <![CDATA[chrome]]>
              </value>
            </param>
            <param index="1">
              <value>
                <![CDATA[Windows]]>
              </value>
            </param>
          </params>
          <reporter-output>
          </reporter-output>
        </test-method> <!-- setup -->
        <test-method signature="verifyLogin(java.lang.String,java.lang.String,java.lang.String)[pri:0, instance:testCases.LoginDDTest@17f7cd29]" started-at="2026-01-12T21:08:51 IST" name="verifyLogin" data-provider="LoginData" finished-at="2026-01-12T21:09:01 IST" duration-ms="10382" status="PASS">
          <params>
            <param index="0">
              <value>
                <![CDATA[lakshmi@yahoo.com]]>
              </value>
            </param>
            <param index="1">
              <value>
                <![CDATA[Laxmi]]>
              </value>
            </param>
            <param index="2">
              <value>
                <![CDATA[Invalid]]>
              </value>
            </param>
          </params>
          <reporter-output>
          </reporter-output>
        </test-method> <!-- verifyLogin -->
        <test-method is-config="true" signature="tearDown()[pri:0, instance:testCases.LoginDDTest@17f7cd29]" started-at="2026-01-12T21:09:01 IST" name="tearDown" finished-at="2026-01-12T21:09:01 IST" duration-ms="197" status="PASS">
          <reporter-output>
          </reporter-output>
        </test-method> <!-- tearDown -->
        <test-method is-config="true" signature="setup(java.lang.String,java.lang.String)[pri:0, instance:testCases.LoginDDTest@17f7cd29]" started-at="2026-01-12T21:09:01 IST" name="setup" finished-at="2026-01-12T21:09:04 IST" duration-ms="2827" status="PASS">
          <params>
            <param index="0">
              <value>
                <![CDATA[chrome]]>
              </value>
            </param>
            <param index="1">
              <value>
                <![CDATA[Windows]]>
              </value>
            </param>
          </params>
          <reporter-output>
          </reporter-output>
        </test-method> <!-- setup -->
        <test-method signature="verifyLogin(java.lang.String,java.lang.String,java.lang.String)[pri:0, instance:testCases.LoginDDTest@17f7cd29]" started-at="2026-01-12T21:09:04 IST" name="verifyLogin" data-provider="LoginData" finished-at="2026-01-12T21:09:14 IST" duration-ms="10356" status="PASS">
          <params>
            <param index="0">
              <value>
                <![CDATA[laksh@yahoo.com]]>
              </value>
            </param>
            <param index="1">
              <value>
                <![CDATA[Lakshmi]]>
              </value>
            </param>
            <param index="2">
              <value>
                <![CDATA[Invalid]]>
              </value>
            </param>
          </params>
          <reporter-output>
          </reporter-output>
        </test-method> <!-- verifyLogin -->
        <test-method is-config="true" signature="tearDown()[pri:0, instance:testCases.LoginDDTest@17f7cd29]" started-at="2026-01-12T21:09:14 IST" name="tearDown" finished-at="2026-01-12T21:09:16 IST" duration-ms="1707" status="PASS">
          <reporter-output>
          </reporter-output>
        </test-method> <!-- tearDown -->
        <test-method is-config="true" signature="setup(java.lang.String,java.lang.String)[pri:0, instance:testCases.LoginDDTest@17f7cd29]" started-at="2026-01-12T21:09:16 IST" name="setup" finished-at="2026-01-12T21:09:18 IST" duration-ms="1916" status="PASS">
          <params>
            <param index="0">
              <value>
                <![CDATA[chrome]]>
              </value>
            </param>
            <param index="1">
              <value>
                <![CDATA[Windows]]>
              </value>
            </param>
          </params>
          <reporter-output>
          </reporter-output>
        </test-method> <!-- setup -->
        <test-method signature="verifyLogin(java.lang.String,java.lang.String,java.lang.String)[pri:0, instance:testCases.LoginDDTest@17f7cd29]" started-at="2026-01-12T21:09:18 IST" name="verifyLogin" data-provider="LoginData" finished-at="2026-01-12T21:09:28 IST" duration-ms="10288" status="PASS">
          <params>
            <param index="0">
              <value>
                <![CDATA[laks@yahoo.com]]>
              </value>
            </param>
            <param index="1">
              <value>
                <![CDATA[xyz]]>
              </value>
            </param>
            <param index="2">
              <value>
                <![CDATA[Invalid]]>
              </value>
            </param>
          </params>
          <reporter-output>
          </reporter-output>
        </test-method> <!-- verifyLogin -->
        <test-method is-config="true" signature="tearDown()[pri:0, instance:testCases.LoginDDTest@17f7cd29]" started-at="2026-01-12T21:09:28 IST" name="tearDown" finished-at="2026-01-12T21:09:29 IST" duration-ms="174" status="PASS">
          <reporter-output>
          </reporter-output>
        </test-method> <!-- tearDown -->
        <test-method is-config="true" signature="setup(java.lang.String,java.lang.String)[pri:0, instance:testCases.LoginDDTest@17f7cd29]" started-at="2026-01-12T21:09:29 IST" name="setup" finished-at="2026-01-12T21:09:31 IST" duration-ms="2851" status="PASS">
          <params>
            <param index="0">
              <value>
                <![CDATA[chrome]]>
              </value>
            </param>
            <param index="1">
              <value>
                <![CDATA[Windows]]>
              </value>
            </param>
          </params>
          <reporter-output>
          </reporter-output>
        </test-method> <!-- setup -->
        <test-method signature="verifyLogin(java.lang.String,java.lang.String,java.lang.String)[pri:0, instance:testCases.LoginDDTest@17f7cd29]" started-at="2026-01-12T21:09:31 IST" name="verifyLogin" data-provider="LoginData" finished-at="2026-01-12T21:09:32 IST" duration-ms="658" status="PASS">
          <params>
            <param index="0">
              <value>
                <![CDATA[tanu@hotmail.com]]>
              </value>
            </param>
            <param index="1">
              <value>
                <![CDATA[Test@12345]]>
              </value>
            </param>
            <param index="2">
              <value>
                <![CDATA[Valid]]>
              </value>
            </param>
          </params>
          <reporter-output>
          </reporter-output>
        </test-method> <!-- verifyLogin -->
        <test-method is-config="true" signature="tearDown()[pri:0, instance:testCases.LoginDDTest@17f7cd29]" started-at="2026-01-12T21:09:32 IST" name="tearDown" finished-at="2026-01-12T21:09:32 IST" duration-ms="183" status="PASS">
          <reporter-output>
          </reporter-output>
        </test-method> <!-- tearDown -->
      </class> <!-- testCases.LoginDDTest -->
      <class name="testCases.SubmitOrderTest">
        <test-method is-config="true" signature="setup(java.lang.String,java.lang.String)[pri:0, instance:testCases.SubmitOrderTest@2925bf5b]" started-at="2026-01-12T21:08:24 IST" name="setup" finished-at="2026-01-12T21:08:27 IST" duration-ms="3085" status="PASS">
          <params>
            <param index="0">
              <value>
                <![CDATA[chrome]]>
              </value>
            </param>
            <param index="1">
              <value>
                <![CDATA[Windows]]>
              </value>
            </param>
          </params>
          <reporter-output>
          </reporter-output>
        </test-method> <!-- setup -->
        <test-method signature="submitOrder()[pri:0, instance:testCases.SubmitOrderTest@2925bf5b]" started-at="2026-01-12T21:08:27 IST" name="submitOrder" finished-at="2026-01-12T21:08:42 IST" duration-ms="14572" status="FAIL">
          <exception class="java.lang.AssertionError">
            <message>
              <![CDATA[expected [false] but found [true]]]>
            </message>
            <full-stacktrace>
              <![CDATA[java.lang.AssertionError: expected [false] but found [true]
at org.testng.Assert.fail(Assert.java:111)
at org.testng.Assert.failNotEquals(Assert.java:1590)
at org.testng.Assert.assertFalse(Assert.java:79)
at org.testng.Assert.assertFalse(Assert.java:89)
at testCases.SubmitOrderTest.submitOrder(SubmitOrderTest.java:50)
at java.base/jdk.internal.reflect.DirectMethodHandleAccessor.invoke(DirectMethodHandleAccessor.java:103)
at java.base/java.lang.reflect.Method.invoke(Method.java:580)
at org.testng.internal.invokers.MethodInvocationHelper.invokeMethod(MethodInvocationHelper.java:141)
at org.testng.internal.invokers.TestInvoker.invokeMethod(TestInvoker.java:687)
at org.testng.internal.invokers.TestInvoker.invokeTestMethod(TestInvoker.java:230)
at org.testng.internal.invokers.MethodRunner.runInSequence(MethodRunner.java:63)
at org.testng.internal.invokers.TestInvoker$MethodInvocationAgent.invoke(TestInvoker.java:995)
at org.testng.internal.invokers.TestInvoker.invokeTestMethods(TestInvoker.java:203)
at org.testng.internal.invokers.TestMethodWorker.invokeTestMethods(TestMethodWorker.java:154)
at org.testng.internal.invokers.TestMethodWorker.run(TestMethodWorker.java:134)
at java.base/java.util.ArrayList.forEach(ArrayList.java:1596)
at org.testng.TestRunner.privateRun(TestRunner.java:741)
at org.testng.TestRunner.run(TestRunner.java:616)
at org.testng.SuiteRunner.runTest(SuiteRunner.java:421)
at org.testng.SuiteRunner$SuiteWorker.run(SuiteRunner.java:463)
at org.testng.internal.thread.ThreadUtil.lambda$execute$0(ThreadUtil.java:64)
at java.base/java.util.concurrent.FutureTask.run(FutureTask.java:317)
at java.base/java.util.concurrent.ThreadPoolExecutor.runWorker(ThreadPoolExecutor.java:1144)
at java.base/java.util.concurrent.ThreadPoolExecutor$Worker.run(ThreadPoolExecutor.java:642)
at java.base/java.lang.Thread.run(Thread.java:1583)
]]>
            </full-stacktrace>
          </exception> <!-- java.lang.AssertionError -->
          <reporter-output>
          </reporter-output>
        </test-method> <!-- submitOrder -->
        <test-method is-config="true" signature="tearDown()[pri:0, instance:testCases.SubmitOrderTest@2925bf5b]" started-at="2026-01-12T21:08:42 IST" name="tearDown" finished-at="2026-01-12T21:08:42 IST" duration-ms="187" status="PASS">
          <reporter-output>
          </reporter-output>
        </test-method> <!-- tearDown -->
        <test-method signature="orderHistoryTest()[pri:0, instance:testCases.SubmitOrderTest@2925bf5b]" started-at="2026-01-12T21:09:32 IST" name="orderHistoryTest" finished-at="2026-01-12T21:09:32 IST" depends-on-methods="testCases.SubmitOrderTest.submitOrder" duration-ms="0" status="SKIP">
          <exception class="java.lang.Throwable">
            <message>
              <![CDATA[Method testCases.SubmitOrderTest.orderHistoryTest() on instance testCases.SubmitOrderTest@2925bf5b depends on not successfully finished methods 
[testCases.SubmitOrderTest.submitOrder() on instance testCases.SubmitOrderTest@2925bf5b]]]>
            </message>
            <full-stacktrace>
              <![CDATA[java.lang.Throwable: Method testCases.SubmitOrderTest.orderHistoryTest() on instance testCases.SubmitOrderTest@2925bf5b depends on not successfully finished methods 
[testCases.SubmitOrderTest.submitOrder() on instance testCases.SubmitOrderTest@2925bf5b]
at org.testng.internal.invokers.TestInvoker.invokeTestMethods(TestInvoker.java:159)
at org.testng.internal.invokers.TestMethodWorker.invokeTestMethods(TestMethodWorker.java:154)
at org.testng.internal.invokers.TestMethodWorker.run(TestMethodWorker.java:134)
at java.base/java.util.ArrayList.forEach(ArrayList.java:1596)
at org.testng.TestRunner.privateRun(TestRunner.java:741)
at org.testng.TestRunner.run(TestRunner.java:616)
at org.testng.SuiteRunner.runTest(SuiteRunner.java:421)
at org.testng.SuiteRunner$SuiteWorker.run(SuiteRunner.java:463)
at org.testng.internal.thread.ThreadUtil.lambda$execute$0(ThreadUtil.java:64)
at java.base/java.util.concurrent.FutureTask.run(FutureTask.java:317)
at java.base/java.util.concurrent.ThreadPoolExecutor.runWorker(ThreadPoolExecutor.java:1144)
at java.base/java.util.concurrent.ThreadPoolExecutor$Worker.run(ThreadPoolExecutor.java:642)
at java.base/java.lang.Thread.run(Thread.java:1583)
]]>
            </full-stacktrace>
          </exception> <!-- java.lang.Throwable -->
          <reporter-output>
          </reporter-output>
        </test-method> <!-- orderHistoryTest -->
      </class> <!-- testCases.SubmitOrderTest -->
    </test> <!-- Submit Order -->
  </suite> <!-- Suite -->
</testng-results>
