<?xml version="1.0" encoding="UTF-8"?>
<testng-results ignored="0" total="1" passed="0" failed="1" skipped="0">
  <reporter-output>
  </reporter-output>
  <suite started-at="2026-01-01T20:38:44 IST" name="Default suite" finished-at="2026-01-01T20:38:54 IST" duration-ms="9727">
    <groups>
      <group name="cucumber">
        <method signature="AbstractTestNGCucumberTests.runScenario(io.cucumber.testng.PickleWrapper,io.cucumber.testng.FeatureWrapper)[pri:0, instance:cucumber.TestRunner@1807e3f6]" name="runScenario" class="io.cucumber.testng.AbstractTestNGCucumberTests"/>
      </group> <!-- cucumber -->
    </groups>
    <test started-at="2026-01-01T20:38:44 IST" name="Default test" finished-at="2026-01-01T20:38:54 IST" duration-ms="9727">
      <class name="cucumber.TestRunner">
        <test-method is-config="true" signature="setUpClass(org.testng.ITestContext)[pri:0, instance:cucumber.TestRunner@1807e3f6]" started-at="2026-01-01T20:38:44 IST" name="setUpClass" finished-at="2026-01-01T20:38:45 IST" duration-ms="866" status="PASS">
          <params>
            <param index="0">
              <value>
                <![CDATA[org.testng.TestRunner@6d7b001b]]>
              </value>
            </param>
          </params>
          <reporter-output>
          </reporter-output>
        </test-method> <!-- setUpClass -->
        <test-method signature="runScenario(io.cucumber.testng.PickleWrapper,io.cucumber.testng.FeatureWrapper)[pri:0, instance:cucumber.TestRunner@1807e3f6]" started-at="2026-01-01T20:38:45 IST" name="runScenario" description="Runs Cucumber Scenarios" data-provider="scenarios" finished-at="2026-01-01T20:38:54 IST" duration-ms="8506" status="FAIL">
          <params>
            <param index="0">
              <value>
                <![CDATA["Positive test for successfully placing an order"]]>
              </value>
            </param>
            <param index="1">
              <value>
                <![CDATA["Successfully place an order on the website"]]>
              </value>
            </param>
          </params>
          <exception class="java.lang.AssertionError">
            <message>
              <![CDATA[expected [false] but found [true]]]>
            </message>
            <full-stacktrace>
              <![CDATA[java.lang.AssertionError: expected [false] but found [true]
at org.testng.Assert.fail(Assert.java:111)
at org.testng.Assert.failNotEquals(Assert.java:1590)
at org.testng.Assert.assertFalse(Assert.java:79)
at org.testng.Assert.assertFalse(Assert.java:89)
at stepDefinition.SubmitOrderStepDefinition.confirm_message(SubmitOrderStepDefinition.java:57)
at ✽."THANK YOU FOR THE ORDER." message is displayed on the confirmation page(file:///C:/Users/jusch/eclipse-workspace/LetsShopV26/./features/SubmitOrder.feature:10)
]]>
            </full-stacktrace>
          </exception> <!-- java.lang.AssertionError -->
          <reporter-output>
          </reporter-output>
        </test-method> <!-- runScenario -->
        <test-method is-config="true" signature="tearDownClass()[pri:0, instance:cucumber.TestRunner@1807e3f6]" started-at="2026-01-01T20:38:54 IST" name="tearDownClass" finished-at="2026-01-01T20:38:54 IST" duration-ms="303" status="PASS">
          <reporter-output>
          </reporter-output>
        </test-method> <!-- tearDownClass -->
      </class> <!-- cucumber.TestRunner -->
    </test> <!-- Default test -->
  </suite> <!-- Default suite -->
</testng-results>
