<?xml version="1.0" encoding="UTF-8"?>
<testng-results ignored="0" total="2" passed="2" failed="0" skipped="0">
  <reporter-output>
  </reporter-output>
  <suite started-at="2025-12-27T22:52:39 IST" name="Suite" finished-at="2025-12-27T22:52:57 IST" duration-ms="18225">
    <groups>
      <group name="Retry">
        <method signature="AccountRegistrationTest.verify_account_registration()[pri:0, instance:testCases.AccountRegistrationTest@54422e18]" name="verify_account_registration" class="testCases.AccountRegistrationTest"/>
        <method signature="AccountRegistrationTest.verify_account_registration()[pri:0, instance:testCases.AccountRegistrationTest@7fd50002]" name="verify_account_registration" class="testCases.AccountRegistrationTest"/>
      </group> <!-- Retry -->
    </groups>
    <test started-at="2025-12-27T22:52:39 IST" name="Linux-chrome" finished-at="2025-12-27T22:52:47 IST" duration-ms="8489">
      <class name="testCases.AccountRegistrationTest">
        <test-method is-config="true" signature="setUp(java.lang.String,java.lang.String)[pri:0, instance:testCases.AccountRegistrationTest@54422e18]" started-at="2025-12-27T22:52:39 IST" name="setUp" finished-at="2025-12-27T22:52:44 IST" duration-ms="5410" status="PASS">
          <params>
            <param index="0">
              <value>
                <![CDATA[Linux]]>
              </value>
            </param>
            <param index="1">
              <value>
                <![CDATA[chrome]]>
              </value>
            </param>
          </params>
          <reporter-output>
          </reporter-output>
        </test-method> <!-- setUp -->
        <test-method signature="verify_account_registration()[pri:0, instance:testCases.AccountRegistrationTest@54422e18]" started-at="2025-12-27T22:52:44 IST" name="verify_account_registration" finished-at="2025-12-27T22:52:47 IST" duration-ms="2656" status="PASS">
          <reporter-output>
          </reporter-output>
        </test-method> <!-- verify_account_registration -->
        <test-method is-config="true" signature="tearDown()[pri:0, instance:testCases.AccountRegistrationTest@54422e18]" started-at="2025-12-27T22:52:47 IST" name="tearDown" finished-at="2025-12-27T22:52:47 IST" duration-ms="98" status="PASS">
          <reporter-output>
          </reporter-output>
        </test-method> <!-- tearDown -->
      </class> <!-- testCases.AccountRegistrationTest -->
    </test> <!-- Linux-chrome -->
    <test started-at="2025-12-27T22:52:47 IST" name="Linux-firefox" finished-at="2025-12-27T22:52:57 IST" duration-ms="9386">
      <class name="testCases.AccountRegistrationTest">
        <test-method is-config="true" signature="setUp(java.lang.String,java.lang.String)[pri:0, instance:testCases.AccountRegistrationTest@7fd50002]" started-at="2025-12-27T22:52:47 IST" name="setUp" finished-at="2025-12-27T22:52:55 IST" duration-ms="7556" status="PASS">
          <params>
            <param index="0">
              <value>
                <![CDATA[Linux]]>
              </value>
            </param>
            <param index="1">
              <value>
                <![CDATA[firefox]]>
              </value>
            </param>
          </params>
          <reporter-output>
          </reporter-output>
        </test-method> <!-- setUp -->
        <test-method signature="verify_account_registration()[pri:0, instance:testCases.AccountRegistrationTest@7fd50002]" started-at="2025-12-27T22:52:55 IST" name="verify_account_registration" finished-at="2025-12-27T22:52:56 IST" duration-ms="761" status="PASS">
          <reporter-output>
          </reporter-output>
        </test-method> <!-- verify_account_registration -->
        <test-method is-config="true" signature="tearDown()[pri:0, instance:testCases.AccountRegistrationTest@7fd50002]" started-at="2025-12-27T22:52:56 IST" name="tearDown" finished-at="2025-12-27T22:52:57 IST" duration-ms="1062" status="PASS">
          <reporter-output>
          </reporter-output>
        </test-method> <!-- tearDown -->
      </class> <!-- testCases.AccountRegistrationTest -->
    </test> <!-- Linux-firefox -->
  </suite> <!-- Suite -->
</testng-results>
