<?xml version="1.0" encoding="UTF-8"?>
<testng-results ignored="0" total="5" passed="5" failed="0" skipped="0">
  <reporter-output>
  </reporter-output>
  <suite started-at="2026-01-13T12:24:36 IST" name="Default suite" finished-at="2026-01-13T12:25:22 IST" duration-ms="46609">
    <groups>
      <group name="cucumber">
        <method signature="AbstractTestNGCucumberTests.runScenario(io.cucumber.testng.PickleWrapper,io.cucumber.testng.FeatureWrapper)[pri:0, instance:cucumberRunner.TestRunner@2e377400]" name="runScenario" class="io.cucumber.testng.AbstractTestNGCucumberTests"/>
      </group> <!-- cucumber -->
    </groups>
    <test started-at="2026-01-13T12:24:36 IST" name="Default test" finished-at="2026-01-13T12:25:22 IST" duration-ms="46609">
      <class name="cucumberRunner.TestRunner">
        <test-method is-config="true" signature="setUpClass(org.testng.ITestContext)[pri:0, instance:cucumberRunner.TestRunner@2e377400]" started-at="2026-01-13T12:24:36 IST" name="setUpClass" finished-at="2026-01-13T12:24:37 IST" duration-ms="806" status="PASS">
          <params>
            <param index="0">
              <value>
                <![CDATA[org.testng.TestRunner@6fd7aba8]]>
              </value>
            </param>
          </params>
          <reporter-output>
          </reporter-output>
        </test-method> <!-- setUpClass -->
        <test-method signature="runScenario(io.cucumber.testng.PickleWrapper,io.cucumber.testng.FeatureWrapper)[pri:0, instance:cucumberRunner.TestRunner@2e377400]" started-at="2026-01-13T12:24:37 IST" name="runScenario" description="Runs Cucumber Scenarios" data-provider="scenarios" finished-at="2026-01-13T12:24:42 IST" duration-ms="5008" status="PASS">
          <params>
            <param index="0">
              <value>
                <![CDATA["Check if user is able to login with valid credentials"]]>
              </value>
            </param>
            <param index="1">
              <value>
                <![CDATA["Login Data Driven with Excel"]]>
              </value>
            </param>
          </params>
          <reporter-output>
          </reporter-output>
        </test-method> <!-- runScenario -->
        <test-method signature="runScenario(io.cucumber.testng.PickleWrapper,io.cucumber.testng.FeatureWrapper)[pri:0, instance:cucumberRunner.TestRunner@2e377400]" started-at="2026-01-13T12:24:42 IST" name="runScenario" description="Runs Cucumber Scenarios" data-provider="scenarios" finished-at="2026-01-13T12:24:54 IST" duration-ms="12397" status="PASS">
          <params>
            <param index="0">
              <value>
                <![CDATA["Check if user is able to login with valid credentials"]]>
              </value>
            </param>
            <param index="1">
              <value>
                <![CDATA["Login Data Driven with Excel"]]>
              </value>
            </param>
          </params>
          <reporter-output>
          </reporter-output>
        </test-method> <!-- runScenario -->
        <test-method signature="runScenario(io.cucumber.testng.PickleWrapper,io.cucumber.testng.FeatureWrapper)[pri:0, instance:cucumberRunner.TestRunner@2e377400]" started-at="2026-01-13T12:24:54 IST" name="runScenario" description="Runs Cucumber Scenarios" data-provider="scenarios" finished-at="2026-01-13T12:25:07 IST" duration-ms="12544" status="PASS">
          <params>
            <param index="0">
              <value>
                <![CDATA["Check if user is able to login with valid credentials"]]>
              </value>
            </param>
            <param index="1">
              <value>
                <![CDATA["Login Data Driven with Excel"]]>
              </value>
            </param>
          </params>
          <reporter-output>
          </reporter-output>
        </test-method> <!-- runScenario -->
        <test-method signature="runScenario(io.cucumber.testng.PickleWrapper,io.cucumber.testng.FeatureWrapper)[pri:0, instance:cucumberRunner.TestRunner@2e377400]" started-at="2026-01-13T12:25:07 IST" name="runScenario" description="Runs Cucumber Scenarios" data-provider="scenarios" finished-at="2026-01-13T12:25:19 IST" duration-ms="12463" status="PASS">
          <params>
            <param index="0">
              <value>
                <![CDATA["Check if user is able to login with valid credentials"]]>
              </value>
            </param>
            <param index="1">
              <value>
                <![CDATA["Login Data Driven with Excel"]]>
              </value>
            </param>
          </params>
          <reporter-output>
          </reporter-output>
        </test-method> <!-- runScenario -->
        <test-method signature="runScenario(io.cucumber.testng.PickleWrapper,io.cucumber.testng.FeatureWrapper)[pri:0, instance:cucumberRunner.TestRunner@2e377400]" started-at="2026-01-13T12:25:19 IST" name="runScenario" description="Runs Cucumber Scenarios" data-provider="scenarios" finished-at="2026-01-13T12:25:22 IST" duration-ms="2905" status="PASS">
          <params>
            <param index="0">
              <value>
                <![CDATA["Check if user is able to login with valid credentials"]]>
              </value>
            </param>
            <param index="1">
              <value>
                <![CDATA["Login Data Driven with Excel"]]>
              </value>
            </param>
          </params>
          <reporter-output>
          </reporter-output>
        </test-method> <!-- runScenario -->
        <test-method is-config="true" signature="tearDownClass()[pri:0, instance:cucumberRunner.TestRunner@2e377400]" started-at="2026-01-13T12:25:22 IST" name="tearDownClass" finished-at="2026-01-13T12:25:22 IST" duration-ms="428" status="PASS">
          <reporter-output>
          </reporter-output>
        </test-method> <!-- tearDownClass -->
      </class> <!-- cucumberRunner.TestRunner -->
    </test> <!-- Default test -->
  </suite> <!-- Default suite -->
</testng-results>
