<?xml version="1.0" encoding="UTF-8"?>
<!-- Generated by org.testng.reporters.JUnitReportReporter -->
<testsuite hostname="Los_Blanco_92" failures="0" tests="5" name="testCases.LoginDDTest" time="49.302" errors="0" timestamp="2026-01-12T21:09:32 IST" skipped="0">
  <testcase classname="testCases.LoginDDTest" name="verifyLogin" time="13.894"/>
  <testcase classname="testCases.LoginDDTest" name="verifyLogin" time="12.481"/>
  <testcase classname="testCases.LoginDDTest" name="verifyLogin" time="13.863"/>
  <testcase classname="testCases.LoginDDTest" name="verifyLogin" time="3.872"/>
  <testcase classname="testCases.LoginDDTest" name="verifyLogin" time="5.192"/>
</testsuite> <!-- testCases.LoginDDTest -->
