<?xml version="1.0" encoding="UTF-8"?>
<!-- Generated by org.testng.reporters.JUnitReportReporter -->
<testsuite hostname="Los_Blanco_92" failures="0" tests="2" name="testCases.AccountRegistrationTest" time="18.499" errors="0" timestamp="2025-12-29T18:32:35 IST" skipped="1">
  <testcase classname="testCases.AccountRegistrationTest" name="verify_account_registration" time="14.228">
    <skipped/>
  </testcase> <!-- verify_account_registration -->
  <testcase classname="testCases.AccountRegistrationTest" name="verify_account_registration" time="4.271"/>
</testsuite> <!-- testCases.AccountRegistrationTest -->
