<?xml version="1.0" encoding="UTF-8"?>
<!-- Generated by org.testng.reporters.JUnitReportReporter -->
<testsuite hostname="Los_Blanco_92" failures="0" tests="5" name="cucumberRunner.TestRunner" time="45.317" errors="0" timestamp="2026-01-13T12:25:23 IST" skipped="0">
  <testcase classname="cucumberRunner.TestRunner" name="runScenario" time="12.397"/>
  <testcase classname="cucumberRunner.TestRunner" name="runScenario" time="12.463"/>
  <testcase classname="cucumberRunner.TestRunner" name="runScenario" time="12.544"/>
  <testcase classname="cucumberRunner.TestRunner" name="runScenario" time="5.008"/>
  <testcase classname="cucumberRunner.TestRunner" name="runScenario" time="2.905"/>
</testsuite> <!-- cucumberRunner.TestRunner -->
