<?xml version="1.0" encoding="UTF-8"?>
<!-- Generated by org.testng.reporters.JUnitReportReporter -->
<testsuite hostname="Los_Blanco_92" failures="0" tests="5" name="cucumber.TestRunner" time="53.151" errors="0" timestamp="2026-01-02T19:50:53 IST" skipped="0">
  <testcase classname="cucumber.TestRunner" name="runScenario" time="14.350"/>
  <testcase classname="cucumber.TestRunner" name="runScenario" time="13.997"/>
  <testcase classname="cucumber.TestRunner" name="runScenario" time="13.943"/>
  <testcase classname="cucumber.TestRunner" name="runScenario" time="4.815"/>
  <testcase classname="cucumber.TestRunner" name="runScenario" time="6.046"/>
</testsuite> <!-- cucumber.TestRunner -->
