<?xml version="1.0" encoding="UTF-8"?>
<!-- Generated by org.testng.reporters.JUnitReportReporter -->
<testsuite hostname="Los_Blanco_92" failures="0" tests="5" name="testCases.LoginDDTest" time="44.168" errors="0" timestamp="2025-12-25T20:20:16 IST" skipped="0">
  <testcase classname="testCases.LoginDDTest" name="verifyLogin" time="12.396"/>
  <testcase classname="testCases.LoginDDTest" name="verifyLogin" time="2.729"/>
  <testcase classname="testCases.LoginDDTest" name="verifyLogin" time="4.422"/>
  <testcase classname="testCases.LoginDDTest" name="verifyLogin" time="12.364"/>
  <testcase classname="testCases.LoginDDTest" name="verifyLogin" time="12.257"/>
</testsuite> <!-- testCases.LoginDDTest -->
