<?xml version="1.0" encoding="UTF-8"?>
<!-- Generated by org.testng.reporters.JUnitReportReporter -->
<testsuite hostname="Los_Blanco_92" failures="0" tests="2" name="testCases.AccountRegistrationTest" time="17.543" errors="0" timestamp="2025-12-27T22:52:57 IST" skipped="0">
  <testcase classname="testCases.AccountRegistrationTest" name="verify_account_registration" time="8.164"/>
  <testcase classname="testCases.AccountRegistrationTest" name="verify_account_registration" time="9.379"/>
</testsuite> <!-- testCases.AccountRegistrationTest -->
