<?xml version="1.0" encoding="UTF-8"?>
<!-- Generated by org.testng.reporters.JUnitReportReporter -->
<testsuite hostname="Los_Blanco_92" failures="0" tests="5" name="testCases.LoginDDTest" time="45.654" errors="0" timestamp="2026-01-12T21:18:37 IST" skipped="0">
  <testcase classname="testCases.LoginDDTest" name="verifyLogin" time="12.346"/>
  <testcase classname="testCases.LoginDDTest" name="verifyLogin" time="14.305"/>
  <testcase classname="testCases.LoginDDTest" name="verifyLogin" time="2.750"/>
  <testcase classname="testCases.LoginDDTest" name="verifyLogin" time="3.677"/>
  <testcase classname="testCases.LoginDDTest" name="verifyLogin" time="12.576"/>
</testsuite> <!-- testCases.LoginDDTest -->
